[2017-05-30 23:15:54] Текст ошибки: mysql_connect(): The mysql extension is deprecated and will be removed in the future: use mysqli or PDO instead | Файл: /opt/lampp/htdocs/mkrshop/kernel/mysql.class.php | Строка: 3
============
[2017-05-30 23:16:46] Текст ошибки: Undefined variable: test | Файл: /opt/lampp/htdocs/mkrshop/kernel/error.class.php | Строка: 62
============
[2017-05-30 23:18:03] Текст ошибки: Undefined variable: test | Файл: /opt/lampp/htdocs/mkrshop/kernel/error.class.php | Строка: 62
============
[2017-05-30 23:18:21] Текст ошибки: Call to undefined function test() | Файл: /opt/lampp/htdocs/mkrshop/kernel/error.class.php | Строка: 62
============
[2017-05-30 23:31:10] Текст ошибки: Constant SHOP_ITEM_TABLE already defined | Файл: /opt/lampp/htdocs/mkrshop/site/cart/logic.cart.site.php | Строка: 7
============
[2017-05-30 23:32:37] Текст ошибки: Cannot use isset() on the result of an expression (you can use "null !== expression" instead) | Файл: /opt/lampp/htdocs/mkrshop/site/cart/logic.cart.site.php | Строка: 7
============
[2017-05-30 23:33:01] Текст ошибки: Constant SHOP_ITEM_TABLE already defined | Файл: /opt/lampp/htdocs/mkrshop/site/cart/logic.cart.site.php | Строка: 7
============
[2017-05-30 23:33:26] Текст ошибки: Constant SHOP_ITEM_TABLE_LANG already defined | Файл: /opt/lampp/htdocs/mkrshop/site/cart/logic.cart.site.php | Строка: 8
============
[2017-05-30 23:33:48] Текст ошибки: Array to string conversion | Файл: /opt/lampp/htdocs/mkrshop/kernel/template.class.php | Строка: 41
============
[2017-05-30 23:37:13] Текст ошибки: Array to string conversion | Файл: /opt/lampp/htdocs/mkrshop/kernel/template.class.php | Строка: 42
============
[2017-05-30 23:37:14] Текст ошибки: Array to string conversion | Файл: /opt/lampp/htdocs/mkrshop/kernel/template.class.php | Строка: 42
============
[2017-05-30 23:37:15] Текст ошибки: Array to string conversion | Файл: /opt/lampp/htdocs/mkrshop/kernel/template.class.php | Строка: 42
============
[2017-05-30 23:37:16] Текст ошибки: Array to string conversion | Файл: /opt/lampp/htdocs/mkrshop/kernel/template.class.php | Строка: 42
============
[2017-05-30 23:37:30] Текст ошибки: Array to string conversion | Файл: /opt/lampp/htdocs/mkrshop/kernel/template.class.php | Строка: 41
============
[2017-05-30 23:38:03] Текст ошибки: Array to string conversion | Файл: /opt/lampp/htdocs/mkrshop/kernel/template.class.php | Строка: 41
============
[2017-05-30 23:39:06] Текст ошибки: Array to string conversion | Файл: /opt/lampp/htdocs/mkrshop/kernel/template.class.php | Строка: 41
============
[2017-05-30 23:39:18] Текст ошибки: Array to string conversion | Файл: /opt/lampp/htdocs/mkrshop/kernel/template.class.php | Строка: 41
============
